-------------------------------------
Beginning Export of Source Files
Self.accdb
VCS Version 4.0.15
Full Path: C:\Users\argenis\OneDrive\Target-Innovations\01-Active-Projects\Saleh - Self-Registration\Self.accdb
Export Folder: C:\Users\argenis\OneDrive\Target-Innovations\01-Active-Projects\Saleh - Self-Registration\SelfRegistration\
Performing Full Export
05/09/2023 10:07:50
-------------------------------------
Scanning source files...
No db connections found in this database.
No vbe forms found in this database.
No saved specs found in this database.
No imex specs found in this database.
No queries found in this database.
No macros found in this database.
No modules found in this database.
No table data macros found in this database.
No relations found in this database.
No hidden attributes found in this database.
-------------------------------------
Exporting project...          
  Self.accdb
[1]
-------------------------------------
Exporting vb project...       
  Self
[1]
-------------------------------------
Exporting vbe references...   
  stdole
[3]
-------------------------------------
Exporting proj properties...  
  Current Project Properties (Access)
[2]
-------------------------------------
Exporting shared images...    
  Logo-2023
[1]
-------------------------------------
Exporting themes...           
  Office Theme
[1]
-------------------------------------
Exporting db properties...    
  Database Properties (DAO)
[31]
-------------------------------------
Exporting tables...           
  Table1
    Sanitized in 0,008 seconds.
  Table1 (SQL)
[1]
-------------------------------------
Exporting forms...            
  Form1
    Sanitized in 0,018 seconds.
[1]
-------------------------------------
Exporting reports...          
  BadgePrint
    Sanitized in 0,006 seconds.
[1]
-------------------------------------
Exporting table data...       
  Table1
[1]
-------------------------------------
Exporting doc properties...   
  Database Documents
[2]
-------------------------------------
Exporting nav pane groups...  
  Groups
[1]
-------------------------------------
Done. (2,45 seconds)

--------------------------------------------------
                PERFORMANCE REPORTS
--------------------------------------------------
Category                      Count     Seconds
--------------------------------------------------
Themes                        1         0,94
Forms                         1         0,73
DB Properties                 31        0,13
Tables                        1         0,09
Reports                       1         0,08
Table Data                    1         0,06
Nav Pane Groups               1         0,04
Doc Properties                2         0,04
Project                       1         0,04
Shared Images                 1         0,04
VBE References                3         0,03
Proj Properties               2         0,03
VB Project                    1         0,03
DB Connections                0         0,02
Hidden Attributes             0         0,01
Relations                     0         0,00
Table Data Macros             0         0,00
VBE Forms                     0         0,00
IMEX Specs                    0         0,00
Saved Specs                   0         0,00
Queries                       0         0,00
Modules                       0         0,00
Macros                        0         0,00
--------------------------------------------------
TOTALS:                       47        2,33
--------------------------------------------------

--------------------------------------------------
Operations                    Count     Seconds
--------------------------------------------------
Extract Theme                 1         0,89
Increment Progress            31        0,22
Convert to JSON               439       0,17
Scan DB Objects               1         0,10
Read File Bytes               6         0,06
Console Updates               4         0,05
App.SaveAsText()              2         0,04
App.ExportXML()               1         0,03
Sanitize File                 2         0,02
Write File                    14        0,01
Export Table Data as TDF      1         0,01
Verify Path                   19        0,01
Quick Count Files             1         0,01
Compute SHA256                40        0,01
Get File Property Hash        11        0,01
Quick Count Objects           1         0,00
Get Modified Date             12        0,00
Sanitize XML                  1         0,00
Format XML                    1         0,00
Save Table SQL                1         0,00
Read File                     5         0,00
Create Folder                 6         0,00
Read File DevMode             2         0,00
Check for linked table        1         0,00
Export Theme                  1         0,00
Write Binary File             1         0,00
Delete File                   2         0,00
Get VBA Hash                  2         0,00
--------------------------------------------------
Other Operations                        0,79
--------------------------------------------------


